//  Precision RTL Synthesis 64-bit 2015.2.16 (PS2015.2.1 Production Release) Tue Jan  5 23:04:49 PST 2016
//  
//  Copyright (c) Mentor Graphics Corporation, 1996-2016, All Rights Reserved.
//             Portions copyright 1991-2008 Compuware Corporation
//                       UNPUBLISHED, LICENSED SOFTWARE.
//            CONFIDENTIAL AND PROPRIETARY INFORMATION WHICH IS THE
//          PROPERTY OF MENTOR GRAPHICS CORPORATION OR ITS LICENSORS
//  
//  Running on Linux jm3zhang@ecelinux2.uwaterloo.ca #1 SMP Wed May 9 18:05:47 UTC 2018 3.10.0-862.2.3.el7.x86_64 x86_64
//  
//  Start time Sun May 27 21:54:28 2018


********************************************************

Library: OPERATORS    Cell: and_8u_8u    View: INTERFACE

********************************************************

 Number of ports :                       9
 Number of nets :                        0
 Number of instances :                   0
 Number of references to this view :     1

Total accumulated area : 
 Black Box and_8u_8u :                   1

********************************************************

Library: OPERATORS    Cell: mux_4u_4u    View: INTERFACE

********************************************************

 Number of ports :                       9
 Number of nets :                        0
 Number of instances :                   0
 Number of references to this view :     4

Total accumulated area : 
 Black Box mux_4u_4u :                   1

***************************************************************

Library: OPERATORS    Cell: add_8u_8u_8u_0_0    View: INTERFACE

***************************************************************

 Number of ports :                      26
 Number of nets :                        0
 Number of instances :                   0
 Number of references to this view :     1

Total accumulated area : 
 Black Box add_8u_8u_8u_0_0 :            1

*****************************************

Library: work    Cell: mult    View: main

*****************************************

  Cell               Library  References     Total Area

 AND2                PRIMITIVES    13 x      1     13 AND2
 DFFE                PRIMITIVES    25 x      1     25 DFFE
 DFFRSE              PRIMITIVES     2 x      1      2 DFFRSE
 FALSE               PRIMITIVES     1 x      1      1 FALSE
 INV                 PRIMITIVES    15 x      1     15 INV
 MUX                 PRIMITIVES    14 x      1     14 MUX
 OR2                 PRIMITIVES     5 x      1      5 OR2
 TRUE                PRIMITIVES     1 x      1      1 TRUE
 add_8u_8u_8u_0_0    OPERATORS      1 x      1      1 add_8u_8u_8u_0_0
 and_8u_8u           OPERATORS      1 x      1      1 and_8u_8u
 mux_4u_4u           OPERATORS      4 x      1      4 mux_4u_4u

 Number of ports :                      28
 Number of nets :                      108
 Number of instances :                  82
 Number of references to this view :     0

Total accumulated area : 
 Black Box AND2 :                       13
 Black Box DFFE :                       25
 Black Box DFFRSE :                      2
 Black Box FALSE :                       1
 Black Box INV :                        15
 Black Box MUX :                        14
 Black Box OR2 :                         5
 Black Box TRUE :                        1
 Black Box add_8u_8u_8u_0_0 :            1
 Black Box and_8u_8u :                   1
 Black Box mux_4u_4u :                   4
 Number of accumulated instances :      82
